<?xml version="1.0" encoding="UTF-8"?>
<!-- Generated by org.testng.reporters.JUnitXMLReporter -->
<testsuite ignored="0" hostname="Mahmouuudd" failures="1" tests="1" name=" VerifyAddressDetailsInCheckoutTest" time="16.515" errors="0" timestamp="2025-09-14T21:50:44 EEST">
  <testcase classname="testCases.VerifyAddressDetailsInCheckoutTest" name="testVerifyAddressDetailsInCheckout" time="15.266">
    <failure type="java.lang.AssertionError" message="Home page not visible expected [true] but found [false]">
      <![CDATA[java.lang.AssertionError: Home page not visible expected [true] but found [false]
at testCases.VerifyAddressDetailsInCheckoutTest.testVerifyAddressDetailsInCheckout(VerifyAddressDetailsInCheckoutTest.java:38)
at java.base/java.util.ArrayList.forEach(ArrayList.java:1604)
... Removed 32 stack frames]]>
    </failure>
  </testcase> <!-- testVerifyAddressDetailsInCheckout -->
</testsuite> <!--  VerifyAddressDetailsInCheckoutTest -->
